2020-05-22 13:34:15.987  INFO 2960 --- [main] c.h.testservice.TestServiceApplication   : Starting TestServiceApplication on DESKTOP-S63R4RE with PID 2960 (C:\Users\wangrong\IdeaProjects\test-service\out\production\classes started by wangrong in C:\Users\wangrong\IdeaProjects\test-service)
2020-05-22 13:34:16.000  INFO 2960 --- [main] c.h.testservice.TestServiceApplication   : No active profile set, falling back to default profiles: default
2020-05-22 13:34:17.770  INFO 2960 --- [main] o.s.b.w.embedded.tomcat.TomcatWebServer  : Tomcat initialized with port(s): 9999 (http)
2020-05-22 13:34:17.785  INFO 2960 --- [main] o.apache.catalina.core.StandardService   : Starting service [Tomcat]
2020-05-22 13:34:17.786  INFO 2960 --- [main] org.apache.catalina.core.StandardEngine  : Starting Servlet engine: [Apache Tomcat/9.0.34]
2020-05-22 13:34:17.913  INFO 2960 --- [main] o.a.c.c.C.[Tomcat].[localhost].[/]       : Initializing Spring embedded WebApplicationContext
2020-05-22 13:34:17.913  INFO 2960 --- [main] o.s.web.context.ContextLoader            : Root WebApplicationContext: initialization completed in 1786 ms
2020-05-22 13:34:18.015  INFO 2960 --- [main] c.h.testservice.TestServiceApplication   : flip datasource:jdbc:mysql://rm-uf6rpzlbhgn9825g4.mysql.rds.aliyuncs.com:3306/hchc_cloud?serverTimezone=Asia/Shanghai
2020-05-22 13:34:18.418  INFO 2960 --- [main] o.s.s.concurrent.ThreadPoolTaskExecutor  : Initializing ExecutorService 'applicationTaskExecutor'
2020-05-22 13:34:18.574  WARN 2960 --- [main] ion$DefaultTemplateResolverConfiguration : Cannot find template location: classpath:/templates/ (please add some templates or check your Thymeleaf configuration)
2020-05-22 13:34:18.725  INFO 2960 --- [main] o.s.b.w.embedded.tomcat.TomcatWebServer  : Tomcat started on port(s): 9999 (http) with context path ''
2020-05-22 13:34:18.730  INFO 2960 --- [main] c.h.testservice.TestServiceApplication   : Started TestServiceApplication in 3.374 seconds (JVM running for 4.598)
2020-05-22 13:53:42.186  INFO 2960 --- [http-nio-9999-exec-2] o.a.c.c.C.[Tomcat].[localhost].[/]       : Initializing Spring DispatcherServlet 'dispatcherServlet'
2020-05-22 13:53:42.186  INFO 2960 --- [http-nio-9999-exec-2] o.s.web.servlet.DispatcherServlet        : Initializing Servlet 'dispatcherServlet'
2020-05-22 13:53:42.202  INFO 2960 --- [http-nio-9999-exec-2] o.s.web.servlet.DispatcherServlet        : Completed initialization in 15 ms
2020-05-22 13:53:42.239  INFO 2960 --- [http-nio-9999-exec-2] c.h.t.controller.BranchMallController    : [pushBranchInfos]
2020-05-22 13:53:42.735 ERROR 2960 --- [http-nio-9999-exec-2] o.a.c.c.C.[.[.[/].[dispatcherServlet]    : Servlet.service() for servlet [dispatcherServlet] in context with path [] threw exception [Request processing failed; nested exception is org.springframework.web.client.HttpServerErrorException$InternalServerError: 500 : [{"timestamp":"2020-05-22T05:53:42.557+0000","status":500,"error":"Internal Server Error","message":"No primary or default constructor found for interface java.util.List","path":"/mallConsole/pushBranchInfos"}]] with root cause

org.springframework.web.client.HttpServerErrorException$InternalServerError: 500 : [{"timestamp":"2020-05-22T05:53:42.557+0000","status":500,"error":"Internal Server Error","message":"No primary or default constructor found for interface java.util.List","path":"/mallConsole/pushBranchInfos"}]
	at org.springframework.web.client.HttpServerErrorException.create(HttpServerErrorException.java:100) ~[spring-web-5.2.6.RELEASE.jar:5.2.6.RELEASE]
	at org.springframework.web.client.DefaultResponseErrorHandler.handleError(DefaultResponseErrorHandler.java:172) ~[spring-web-5.2.6.RELEASE.jar:5.2.6.RELEASE]
	at org.springframework.web.client.DefaultResponseErrorHandler.handleError(DefaultResponseErrorHandler.java:112) ~[spring-web-5.2.6.RELEASE.jar:5.2.6.RELEASE]
	at org.springframework.web.client.ResponseErrorHandler.handleError(ResponseErrorHandler.java:63) ~[spring-web-5.2.6.RELEASE.jar:5.2.6.RELEASE]
	at org.springframework.web.client.RestTemplate.handleResponse(RestTemplate.java:782) ~[spring-web-5.2.6.RELEASE.jar:5.2.6.RELEASE]
	at org.springframework.web.client.RestTemplate.doExecute(RestTemplate.java:740) ~[spring-web-5.2.6.RELEASE.jar:5.2.6.RELEASE]
	at org.springframework.web.client.RestTemplate.execute(RestTemplate.java:674) ~[spring-web-5.2.6.RELEASE.jar:5.2.6.RELEASE]
	at org.springframework.web.client.RestTemplate.postForObject(RestTemplate.java:418) ~[spring-web-5.2.6.RELEASE.jar:5.2.6.RELEASE]
	at com.hchc.testservice.service.RemoteService.pushBranchInfos(RemoteService.java:39) ~[classes/:na]
	at com.hchc.testservice.controller.BranchMallController.pushBranchInfos(BranchMallController.java:35) ~[classes/:na]
	at sun.reflect.NativeMethodAccessorImpl.invoke0(Native Method) ~[na:1.8.0_212]
	at sun.reflect.NativeMethodAccessorImpl.invoke(NativeMethodAccessorImpl.java:62) ~[na:1.8.0_212]
	at sun.reflect.DelegatingMethodAccessorImpl.invoke(DelegatingMethodAccessorImpl.java:43) ~[na:1.8.0_212]
	at java.lang.reflect.Method.invoke(Method.java:498) ~[na:1.8.0_212]
	at org.springframework.web.method.support.InvocableHandlerMethod.doInvoke(InvocableHandlerMethod.java:190) ~[spring-web-5.2.6.RELEASE.jar:5.2.6.RELEASE]
	at org.springframework.web.method.support.InvocableHandlerMethod.invokeForRequest(InvocableHandlerMethod.java:138) ~[spring-web-5.2.6.RELEASE.jar:5.2.6.RELEASE]
	at org.springframework.web.servlet.mvc.method.annotation.ServletInvocableHandlerMethod.invokeAndHandle(ServletInvocableHandlerMethod.java:105) ~[spring-webmvc-5.2.6.RELEASE.jar:5.2.6.RELEASE]
	at org.springframework.web.servlet.mvc.method.annotation.RequestMappingHandlerAdapter.invokeHandlerMethod(RequestMappingHandlerAdapter.java:879) ~[spring-webmvc-5.2.6.RELEASE.jar:5.2.6.RELEASE]
	at org.springframework.web.servlet.mvc.method.annotation.RequestMappingHandlerAdapter.handleInternal(RequestMappingHandlerAdapter.java:793) ~[spring-webmvc-5.2.6.RELEASE.jar:5.2.6.RELEASE]
	at org.springframework.web.servlet.mvc.method.AbstractHandlerMethodAdapter.handle(AbstractHandlerMethodAdapter.java:87) ~[spring-webmvc-5.2.6.RELEASE.jar:5.2.6.RELEASE]
	at org.springframework.web.servlet.DispatcherServlet.doDispatch(DispatcherServlet.java:1040) ~[spring-webmvc-5.2.6.RELEASE.jar:5.2.6.RELEASE]
	at org.springframework.web.servlet.DispatcherServlet.doService(DispatcherServlet.java:943) ~[spring-webmvc-5.2.6.RELEASE.jar:5.2.6.RELEASE]
	at org.springframework.web.servlet.FrameworkServlet.processRequest(FrameworkServlet.java:1006) ~[spring-webmvc-5.2.6.RELEASE.jar:5.2.6.RELEASE]
	at org.springframework.web.servlet.FrameworkServlet.doGet(FrameworkServlet.java:898) ~[spring-webmvc-5.2.6.RELEASE.jar:5.2.6.RELEASE]
	at javax.servlet.http.HttpServlet.service(HttpServlet.java:634) ~[tomcat-embed-core-9.0.34.jar:9.0.34]
	at org.springframework.web.servlet.FrameworkServlet.service(FrameworkServlet.java:883) ~[spring-webmvc-5.2.6.RELEASE.jar:5.2.6.RELEASE]
	at javax.servlet.http.HttpServlet.service(HttpServlet.java:741) ~[tomcat-embed-core-9.0.34.jar:9.0.34]
	at org.apache.catalina.core.ApplicationFilterChain.internalDoFilter(ApplicationFilterChain.java:231) ~[tomcat-embed-core-9.0.34.jar:9.0.34]
	at org.apache.catalina.core.ApplicationFilterChain.doFilter(ApplicationFilterChain.java:166) ~[tomcat-embed-core-9.0.34.jar:9.0.34]
	at org.apache.tomcat.websocket.server.WsFilter.doFilter(WsFilter.java:53) ~[tomcat-embed-websocket-9.0.34.jar:9.0.34]
	at org.apache.catalina.core.ApplicationFilterChain.internalDoFilter(ApplicationFilterChain.java:193) ~[tomcat-embed-core-9.0.34.jar:9.0.34]
	at org.apache.catalina.core.ApplicationFilterChain.doFilter(ApplicationFilterChain.java:166) ~[tomcat-embed-core-9.0.34.jar:9.0.34]
	at org.springframework.web.filter.RequestContextFilter.doFilterInternal(RequestContextFilter.java:100) ~[spring-web-5.2.6.RELEASE.jar:5.2.6.RELEASE]
	at org.springframework.web.filter.OncePerRequestFilter.doFilter(OncePerRequestFilter.java:119) ~[spring-web-5.2.6.RELEASE.jar:5.2.6.RELEASE]
	at org.apache.catalina.core.ApplicationFilterChain.internalDoFilter(ApplicationFilterChain.java:193) ~[tomcat-embed-core-9.0.34.jar:9.0.34]
	at org.apache.catalina.core.ApplicationFilterChain.doFilter(ApplicationFilterChain.java:166) ~[tomcat-embed-core-9.0.34.jar:9.0.34]
	at org.springframework.web.filter.FormContentFilter.doFilterInternal(FormContentFilter.java:93) ~[spring-web-5.2.6.RELEASE.jar:5.2.6.RELEASE]
	at org.springframework.web.filter.OncePerRequestFilter.doFilter(OncePerRequestFilter.java:119) ~[spring-web-5.2.6.RELEASE.jar:5.2.6.RELEASE]
	at org.apache.catalina.core.ApplicationFilterChain.internalDoFilter(ApplicationFilterChain.java:193) ~[tomcat-embed-core-9.0.34.jar:9.0.34]
	at org.apache.catalina.core.ApplicationFilterChain.doFilter(ApplicationFilterChain.java:166) ~[tomcat-embed-core-9.0.34.jar:9.0.34]
	at org.springframework.web.filter.CharacterEncodingFilter.doFilterInternal(CharacterEncodingFilter.java:201) ~[spring-web-5.2.6.RELEASE.jar:5.2.6.RELEASE]
	at org.springframework.web.filter.OncePerRequestFilter.doFilter(OncePerRequestFilter.java:119) ~[spring-web-5.2.6.RELEASE.jar:5.2.6.RELEASE]
	at org.apache.catalina.core.ApplicationFilterChain.internalDoFilter(ApplicationFilterChain.java:193) ~[tomcat-embed-core-9.0.34.jar:9.0.34]
	at org.apache.catalina.core.ApplicationFilterChain.doFilter(ApplicationFilterChain.java:166) ~[tomcat-embed-core-9.0.34.jar:9.0.34]
	at org.apache.catalina.core.StandardWrapperValve.invoke(StandardWrapperValve.java:202) ~[tomcat-embed-core-9.0.34.jar:9.0.34]
	at org.apache.catalina.core.StandardContextValve.invoke(StandardContextValve.java:96) [tomcat-embed-core-9.0.34.jar:9.0.34]
	at org.apache.catalina.authenticator.AuthenticatorBase.invoke(AuthenticatorBase.java:541) [tomcat-embed-core-9.0.34.jar:9.0.34]
	at org.apache.catalina.core.StandardHostValve.invoke(StandardHostValve.java:139) [tomcat-embed-core-9.0.34.jar:9.0.34]
	at org.apache.catalina.valves.ErrorReportValve.invoke(ErrorReportValve.java:92) [tomcat-embed-core-9.0.34.jar:9.0.34]
	at org.apache.catalina.core.StandardEngineValve.invoke(StandardEngineValve.java:74) [tomcat-embed-core-9.0.34.jar:9.0.34]
	at org.apache.catalina.connector.CoyoteAdapter.service(CoyoteAdapter.java:343) [tomcat-embed-core-9.0.34.jar:9.0.34]
	at org.apache.coyote.http11.Http11Processor.service(Http11Processor.java:373) [tomcat-embed-core-9.0.34.jar:9.0.34]
	at org.apache.coyote.AbstractProcessorLight.process(AbstractProcessorLight.java:65) [tomcat-embed-core-9.0.34.jar:9.0.34]
	at org.apache.coyote.AbstractProtocol$ConnectionHandler.process(AbstractProtocol.java:868) [tomcat-embed-core-9.0.34.jar:9.0.34]
	at org.apache.tomcat.util.net.NioEndpoint$SocketProcessor.doRun(NioEndpoint.java:1590) [tomcat-embed-core-9.0.34.jar:9.0.34]
	at org.apache.tomcat.util.net.SocketProcessorBase.run(SocketProcessorBase.java:49) [tomcat-embed-core-9.0.34.jar:9.0.34]
	at java.util.concurrent.ThreadPoolExecutor.runWorker(ThreadPoolExecutor.java:1149) [na:1.8.0_212]
	at java.util.concurrent.ThreadPoolExecutor$Worker.run(ThreadPoolExecutor.java:624) [na:1.8.0_212]
	at org.apache.tomcat.util.threads.TaskThread$WrappingRunnable.run(TaskThread.java:61) [tomcat-embed-core-9.0.34.jar:9.0.34]
	at java.lang.Thread.run(Thread.java:748) [na:1.8.0_212]

2020-05-22 16:57:57.357  INFO 11096 --- [main] c.h.testservice.TestServiceApplication   : Starting TestServiceApplication on DESKTOP-S63R4RE with PID 11096 (C:\Users\wangrong\IdeaProjects\test-service\out\production\classes started by wangrong in C:\Users\wangrong\IdeaProjects\test-service)
2020-05-22 16:57:57.377  INFO 11096 --- [main] c.h.testservice.TestServiceApplication   : No active profile set, falling back to default profiles: default
2020-05-22 16:57:59.097  INFO 11096 --- [main] o.s.b.w.embedded.tomcat.TomcatWebServer  : Tomcat initialized with port(s): 9999 (http)
2020-05-22 16:57:59.107  INFO 11096 --- [main] o.apache.catalina.core.StandardService   : Starting service [Tomcat]
2020-05-22 16:57:59.107  INFO 11096 --- [main] org.apache.catalina.core.StandardEngine  : Starting Servlet engine: [Apache Tomcat/9.0.34]
2020-05-22 16:57:59.237  INFO 11096 --- [main] o.a.c.c.C.[Tomcat].[localhost].[/]       : Initializing Spring embedded WebApplicationContext
2020-05-22 16:57:59.237  INFO 11096 --- [main] o.s.web.context.ContextLoader            : Root WebApplicationContext: initialization completed in 1780 ms
2020-05-22 16:57:59.337  INFO 11096 --- [main] c.h.testservice.TestServiceApplication   : flip datasource:jdbc:mysql://rm-uf6rpzlbhgn9825g4.mysql.rds.aliyuncs.com:3306/hchc_cloud?serverTimezone=Asia/Shanghai
2020-05-22 16:57:59.647  INFO 11096 --- [main] o.s.s.concurrent.ThreadPoolTaskExecutor  : Initializing ExecutorService 'applicationTaskExecutor'
2020-05-22 16:57:59.797  WARN 11096 --- [main] ion$DefaultTemplateResolverConfiguration : Cannot find template location: classpath:/templates/ (please add some templates or check your Thymeleaf configuration)
2020-05-22 16:57:59.927  INFO 11096 --- [main] o.s.b.w.embedded.tomcat.TomcatWebServer  : Tomcat started on port(s): 9999 (http) with context path ''
2020-05-22 16:57:59.927  INFO 11096 --- [main] c.h.testservice.TestServiceApplication   : Started TestServiceApplication in 3.24 seconds (JVM running for 4.241)
2020-05-22 16:58:24.291  INFO 11096 --- [http-nio-9999-exec-1] o.a.c.c.C.[Tomcat].[localhost].[/]       : Initializing Spring DispatcherServlet 'dispatcherServlet'
2020-05-22 16:58:24.291  INFO 11096 --- [http-nio-9999-exec-1] o.s.web.servlet.DispatcherServlet        : Initializing Servlet 'dispatcherServlet'
2020-05-22 16:58:24.303  INFO 11096 --- [http-nio-9999-exec-1] o.s.web.servlet.DispatcherServlet        : Completed initialization in 12 ms
2020-05-22 16:58:24.333  INFO 11096 --- [http-nio-9999-exec-1] c.h.t.controller.BranchMallController    : [pushBranchInfos]
2020-05-22 16:58:25.145  INFO 11096 --- [http-nio-9999-exec-1] c.h.testservice.service.RemoteService    : [pushBranchInfos] response :{"code":"0","message":"success","respTime":"2020-05-22 16:58:24"}
2020-05-22 17:00:56.525  INFO 11096 --- [http-nio-9999-exec-5] c.h.t.controller.BranchMallController    : [pushBranchInfos]
2020-05-22 17:00:56.992 ERROR 11096 --- [http-nio-9999-exec-5] o.a.c.c.C.[.[.[/].[dispatcherServlet]    : Servlet.service() for servlet [dispatcherServlet] in context with path [] threw exception [Request processing failed; nested exception is org.springframework.web.client.HttpClientErrorException$BadRequest: 400 : [{"timestamp":"2020-05-22T09:00:56.755+0000","status":400,"error":"Bad Request","message":"Required List parameter 'branchInfos' is not present","path":"/mallConsole/pushBranchInfos"}]] with root cause

org.springframework.web.client.HttpClientErrorException$BadRequest: 400 : [{"timestamp":"2020-05-22T09:00:56.755+0000","status":400,"error":"Bad Request","message":"Required List parameter 'branchInfos' is not present","path":"/mallConsole/pushBranchInfos"}]
	at org.springframework.web.client.HttpClientErrorException.create(HttpClientErrorException.java:101) ~[spring-web-5.2.6.RELEASE.jar:5.2.6.RELEASE]
	at org.springframework.web.client.DefaultResponseErrorHandler.handleError(DefaultResponseErrorHandler.java:170) ~[spring-web-5.2.6.RELEASE.jar:5.2.6.RELEASE]
	at org.springframework.web.client.DefaultResponseErrorHandler.handleError(DefaultResponseErrorHandler.java:112) ~[spring-web-5.2.6.RELEASE.jar:5.2.6.RELEASE]
	at org.springframework.web.client.ResponseErrorHandler.handleError(ResponseErrorHandler.java:63) ~[spring-web-5.2.6.RELEASE.jar:5.2.6.RELEASE]
	at org.springframework.web.client.RestTemplate.handleResponse(RestTemplate.java:782) ~[spring-web-5.2.6.RELEASE.jar:5.2.6.RELEASE]
	at org.springframework.web.client.RestTemplate.doExecute(RestTemplate.java:740) ~[spring-web-5.2.6.RELEASE.jar:5.2.6.RELEASE]
	at org.springframework.web.client.RestTemplate.execute(RestTemplate.java:674) ~[spring-web-5.2.6.RELEASE.jar:5.2.6.RELEASE]
	at org.springframework.web.client.RestTemplate.postForObject(RestTemplate.java:418) ~[spring-web-5.2.6.RELEASE.jar:5.2.6.RELEASE]
	at com.hchc.testservice.service.RemoteService.pushBranchInfos(RemoteService.java:39) ~[classes/:na]
	at com.hchc.testservice.controller.BranchMallController.pushBranchInfos(BranchMallController.java:35) ~[classes/:na]
	at sun.reflect.NativeMethodAccessorImpl.invoke0(Native Method) ~[na:1.8.0_212]
	at sun.reflect.NativeMethodAccessorImpl.invoke(NativeMethodAccessorImpl.java:62) ~[na:1.8.0_212]
	at sun.reflect.DelegatingMethodAccessorImpl.invoke(DelegatingMethodAccessorImpl.java:43) ~[na:1.8.0_212]
	at java.lang.reflect.Method.invoke(Method.java:498) ~[na:1.8.0_212]
	at org.springframework.web.method.support.InvocableHandlerMethod.doInvoke(InvocableHandlerMethod.java:190) ~[spring-web-5.2.6.RELEASE.jar:5.2.6.RELEASE]
	at org.springframework.web.method.support.InvocableHandlerMethod.invokeForRequest(InvocableHandlerMethod.java:138) ~[spring-web-5.2.6.RELEASE.jar:5.2.6.RELEASE]
	at org.springframework.web.servlet.mvc.method.annotation.ServletInvocableHandlerMethod.invokeAndHandle(ServletInvocableHandlerMethod.java:105) ~[spring-webmvc-5.2.6.RELEASE.jar:5.2.6.RELEASE]
	at org.springframework.web.servlet.mvc.method.annotation.RequestMappingHandlerAdapter.invokeHandlerMethod(RequestMappingHandlerAdapter.java:879) ~[spring-webmvc-5.2.6.RELEASE.jar:5.2.6.RELEASE]
	at org.springframework.web.servlet.mvc.method.annotation.RequestMappingHandlerAdapter.handleInternal(RequestMappingHandlerAdapter.java:793) ~[spring-webmvc-5.2.6.RELEASE.jar:5.2.6.RELEASE]
	at org.springframework.web.servlet.mvc.method.AbstractHandlerMethodAdapter.handle(AbstractHandlerMethodAdapter.java:87) ~[spring-webmvc-5.2.6.RELEASE.jar:5.2.6.RELEASE]
	at org.springframework.web.servlet.DispatcherServlet.doDispatch(DispatcherServlet.java:1040) ~[spring-webmvc-5.2.6.RELEASE.jar:5.2.6.RELEASE]
	at org.springframework.web.servlet.DispatcherServlet.doService(DispatcherServlet.java:943) ~[spring-webmvc-5.2.6.RELEASE.jar:5.2.6.RELEASE]
	at org.springframework.web.servlet.FrameworkServlet.processRequest(FrameworkServlet.java:1006) ~[spring-webmvc-5.2.6.RELEASE.jar:5.2.6.RELEASE]
	at org.springframework.web.servlet.FrameworkServlet.doGet(FrameworkServlet.java:898) ~[spring-webmvc-5.2.6.RELEASE.jar:5.2.6.RELEASE]
	at javax.servlet.http.HttpServlet.service(HttpServlet.java:634) ~[tomcat-embed-core-9.0.34.jar:9.0.34]
	at org.springframework.web.servlet.FrameworkServlet.service(FrameworkServlet.java:883) ~[spring-webmvc-5.2.6.RELEASE.jar:5.2.6.RELEASE]
	at javax.servlet.http.HttpServlet.service(HttpServlet.java:741) ~[tomcat-embed-core-9.0.34.jar:9.0.34]
	at org.apache.catalina.core.ApplicationFilterChain.internalDoFilter(ApplicationFilterChain.java:231) ~[tomcat-embed-core-9.0.34.jar:9.0.34]
	at org.apache.catalina.core.ApplicationFilterChain.doFilter(ApplicationFilterChain.java:166) ~[tomcat-embed-core-9.0.34.jar:9.0.34]
	at org.apache.tomcat.websocket.server.WsFilter.doFilter(WsFilter.java:53) ~[tomcat-embed-websocket-9.0.34.jar:9.0.34]
	at org.apache.catalina.core.ApplicationFilterChain.internalDoFilter(ApplicationFilterChain.java:193) ~[tomcat-embed-core-9.0.34.jar:9.0.34]
	at org.apache.catalina.core.ApplicationFilterChain.doFilter(ApplicationFilterChain.java:166) ~[tomcat-embed-core-9.0.34.jar:9.0.34]
	at org.springframework.web.filter.RequestContextFilter.doFilterInternal(RequestContextFilter.java:100) ~[spring-web-5.2.6.RELEASE.jar:5.2.6.RELEASE]
	at org.springframework.web.filter.OncePerRequestFilter.doFilter(OncePerRequestFilter.java:119) ~[spring-web-5.2.6.RELEASE.jar:5.2.6.RELEASE]
	at org.apache.catalina.core.ApplicationFilterChain.internalDoFilter(ApplicationFilterChain.java:193) ~[tomcat-embed-core-9.0.34.jar:9.0.34]
	at org.apache.catalina.core.ApplicationFilterChain.doFilter(ApplicationFilterChain.java:166) ~[tomcat-embed-core-9.0.34.jar:9.0.34]
	at org.springframework.web.filter.FormContentFilter.doFilterInternal(FormContentFilter.java:93) ~[spring-web-5.2.6.RELEASE.jar:5.2.6.RELEASE]
	at org.springframework.web.filter.OncePerRequestFilter.doFilter(OncePerRequestFilter.java:119) ~[spring-web-5.2.6.RELEASE.jar:5.2.6.RELEASE]
	at org.apache.catalina.core.ApplicationFilterChain.internalDoFilter(ApplicationFilterChain.java:193) ~[tomcat-embed-core-9.0.34.jar:9.0.34]
	at org.apache.catalina.core.ApplicationFilterChain.doFilter(ApplicationFilterChain.java:166) ~[tomcat-embed-core-9.0.34.jar:9.0.34]
	at org.springframework.web.filter.CharacterEncodingFilter.doFilterInternal(CharacterEncodingFilter.java:201) ~[spring-web-5.2.6.RELEASE.jar:5.2.6.RELEASE]
	at org.springframework.web.filter.OncePerRequestFilter.doFilter(OncePerRequestFilter.java:119) ~[spring-web-5.2.6.RELEASE.jar:5.2.6.RELEASE]
	at org.apache.catalina.core.ApplicationFilterChain.internalDoFilter(ApplicationFilterChain.java:193) ~[tomcat-embed-core-9.0.34.jar:9.0.34]
	at org.apache.catalina.core.ApplicationFilterChain.doFilter(ApplicationFilterChain.java:166) ~[tomcat-embed-core-9.0.34.jar:9.0.34]
	at org.apache.catalina.core.StandardWrapperValve.invoke(StandardWrapperValve.java:202) ~[tomcat-embed-core-9.0.34.jar:9.0.34]
	at org.apache.catalina.core.StandardContextValve.invoke(StandardContextValve.java:96) [tomcat-embed-core-9.0.34.jar:9.0.34]
	at org.apache.catalina.authenticator.AuthenticatorBase.invoke(AuthenticatorBase.java:541) [tomcat-embed-core-9.0.34.jar:9.0.34]
	at org.apache.catalina.core.StandardHostValve.invoke(StandardHostValve.java:139) [tomcat-embed-core-9.0.34.jar:9.0.34]
	at org.apache.catalina.valves.ErrorReportValve.invoke(ErrorReportValve.java:92) [tomcat-embed-core-9.0.34.jar:9.0.34]
	at org.apache.catalina.core.StandardEngineValve.invoke(StandardEngineValve.java:74) [tomcat-embed-core-9.0.34.jar:9.0.34]
	at org.apache.catalina.connector.CoyoteAdapter.service(CoyoteAdapter.java:343) [tomcat-embed-core-9.0.34.jar:9.0.34]
	at org.apache.coyote.http11.Http11Processor.service(Http11Processor.java:373) [tomcat-embed-core-9.0.34.jar:9.0.34]
	at org.apache.coyote.AbstractProcessorLight.process(AbstractProcessorLight.java:65) [tomcat-embed-core-9.0.34.jar:9.0.34]
	at org.apache.coyote.AbstractProtocol$ConnectionHandler.process(AbstractProtocol.java:868) [tomcat-embed-core-9.0.34.jar:9.0.34]
	at org.apache.tomcat.util.net.NioEndpoint$SocketProcessor.doRun(NioEndpoint.java:1590) [tomcat-embed-core-9.0.34.jar:9.0.34]
	at org.apache.tomcat.util.net.SocketProcessorBase.run(SocketProcessorBase.java:49) [tomcat-embed-core-9.0.34.jar:9.0.34]
	at java.util.concurrent.ThreadPoolExecutor.runWorker(ThreadPoolExecutor.java:1149) [na:1.8.0_212]
	at java.util.concurrent.ThreadPoolExecutor$Worker.run(ThreadPoolExecutor.java:624) [na:1.8.0_212]
	at org.apache.tomcat.util.threads.TaskThread$WrappingRunnable.run(TaskThread.java:61) [tomcat-embed-core-9.0.34.jar:9.0.34]
	at java.lang.Thread.run(Thread.java:748) [na:1.8.0_212]

2020-05-22 17:02:05.692  INFO 12200 --- [main] c.h.testservice.TestServiceApplication   : Starting TestServiceApplication on DESKTOP-S63R4RE with PID 12200 (C:\Users\wangrong\IdeaProjects\test-service\out\production\classes started by wangrong in C:\Users\wangrong\IdeaProjects\test-service)
2020-05-22 17:02:05.698  INFO 12200 --- [main] c.h.testservice.TestServiceApplication   : No active profile set, falling back to default profiles: default
2020-05-22 17:02:07.340  INFO 12200 --- [main] o.s.b.w.embedded.tomcat.TomcatWebServer  : Tomcat initialized with port(s): 9999 (http)
2020-05-22 17:02:07.353  INFO 12200 --- [main] o.apache.catalina.core.StandardService   : Starting service [Tomcat]
2020-05-22 17:02:07.354  INFO 12200 --- [main] org.apache.catalina.core.StandardEngine  : Starting Servlet engine: [Apache Tomcat/9.0.34]
2020-05-22 17:02:07.501  INFO 12200 --- [main] o.a.c.c.C.[Tomcat].[localhost].[/]       : Initializing Spring embedded WebApplicationContext
2020-05-22 17:02:07.501  INFO 12200 --- [main] o.s.web.context.ContextLoader            : Root WebApplicationContext: initialization completed in 1729 ms
2020-05-22 17:02:07.591  INFO 12200 --- [main] c.h.testservice.TestServiceApplication   : flip datasource:jdbc:mysql://rm-uf6rpzlbhgn9825g4.mysql.rds.aliyuncs.com:3306/hchc_cloud?serverTimezone=Asia/Shanghai
2020-05-22 17:02:07.885  INFO 12200 --- [main] o.s.s.concurrent.ThreadPoolTaskExecutor  : Initializing ExecutorService 'applicationTaskExecutor'
2020-05-22 17:02:08.031  WARN 12200 --- [main] ion$DefaultTemplateResolverConfiguration : Cannot find template location: classpath:/templates/ (please add some templates or check your Thymeleaf configuration)
2020-05-22 17:02:08.172  INFO 12200 --- [main] o.s.b.w.embedded.tomcat.TomcatWebServer  : Tomcat started on port(s): 9999 (http) with context path ''
2020-05-22 17:02:08.172  INFO 12200 --- [main] c.h.testservice.TestServiceApplication   : Started TestServiceApplication in 3.146 seconds (JVM running for 4.392)
2020-05-22 17:02:19.960  INFO 12200 --- [http-nio-9999-exec-2] o.a.c.c.C.[Tomcat].[localhost].[/]       : Initializing Spring DispatcherServlet 'dispatcherServlet'
2020-05-22 17:02:19.961  INFO 12200 --- [http-nio-9999-exec-2] o.s.web.servlet.DispatcherServlet        : Initializing Servlet 'dispatcherServlet'
2020-05-22 17:02:19.969  INFO 12200 --- [http-nio-9999-exec-2] o.s.web.servlet.DispatcherServlet        : Completed initialization in 8 ms
2020-05-22 17:02:20.003  INFO 12200 --- [http-nio-9999-exec-2] c.h.t.controller.BranchMallController    : [pushBranchInfos]
2020-05-22 17:02:20.774  INFO 12200 --- [http-nio-9999-exec-2] c.h.testservice.service.RemoteService    : [pushBranchInfos] response :{"code":"0","message":"success","respTime":"2020-05-22 17:02:20"}
2020-05-22 17:11:12.770  INFO 12904 --- [Test worker] c.h.t.TestServiceApplicationTests        : Starting TestServiceApplicationTests on DESKTOP-S63R4RE with PID 12904 (started by wangrong in C:\Users\wangrong\IdeaProjects\test-service)
2020-05-22 17:11:12.780  INFO 12904 --- [Test worker] c.h.t.TestServiceApplicationTests        : No active profile set, falling back to default profiles: default
2020-05-22 17:11:14.771  INFO 12904 --- [Test worker] c.h.testservice.TestServiceApplication   : flip datasource:jdbc:mysql://rm-uf6rpzlbhgn9825g4.mysql.rds.aliyuncs.com:3306/hchc_cloud?serverTimezone=Asia/Shanghai
2020-05-22 17:11:17.133  INFO 12904 --- [Test worker] o.s.s.concurrent.ThreadPoolTaskExecutor  : Initializing ExecutorService 'applicationTaskExecutor'
2020-05-22 17:11:18.180  INFO 12904 --- [Test worker] c.h.t.TestServiceApplicationTests        : Started TestServiceApplicationTests in 5.924 seconds (JVM running for 8.094)
2020-05-22 17:11:18.640  INFO 12904 --- [SpringContextShutdownHook] o.s.s.concurrent.ThreadPoolTaskExecutor  : Shutting down ExecutorService 'applicationTaskExecutor'
